<?xml version="1.0" encoding="UTF-8"?>
<testng-results total="1" passed="1" failed="0" skipped="0">
  <reporter-output>
  </reporter-output>
  <suite started-at="2023-05-23T09:14:54Z" name="Default suite" finished-at="2023-05-23T09:14:58Z" duration-ms="4637">
    <groups>
    </groups>
    <test started-at="2023-05-23T09:14:54Z" name="Default test" finished-at="2023-05-23T09:14:58Z" duration-ms="4637">
      <class name="com.shaanstraining.ui.pages.HomePageTest">
        <test-method signature="search()[pri:0, instance:com.shaanstraining.ui.pages.HomePageTest@319854f0]" started-at="2023-05-23T14:44:54Z" name="search" finished-at="2023-05-23T14:44:58Z" duration-ms="4615" status="PASS">
          <reporter-output>
          </reporter-output>
        </test-method> <!-- search -->
      </class> <!-- com.shaanstraining.ui.pages.HomePageTest -->
    </test> <!-- Default test -->
  </suite> <!-- Default suite -->
</testng-results>
